<?xml version="1.0" encoding="UTF-8"?>
<!-- Generated by org.testng.reporters.JUnitXMLReporter -->
<testsuite ignored="1" hostname="DESKTOP-DTBN5AF" failures="0" tests="2" name="ChromeTest" time="22.195" errors="0" timestamp="2022-02-13T23:13:15 IST">
  <testcase classname="actitimeTest.AllinOneActiTimeTestNG" name="@BeforeTest launchBrowser" time="21.948">
    <failure type="org.openqa.selenium.WebDriverException" message="Timed out waiting for driver server to start.
Build info: version: &amp;apos;3.141.59&amp;apos;, revision: &amp;apos;e82be7d358&amp;apos;, time: &amp;apos;2018-11-14T08:17:03&amp;apos;
System info: host: &amp;apos;DESKTOP-DTBN5AF&amp;apos;, ip: &amp;apos;192.168.43.142&amp;apos;, os.name: &amp;apos;Windows 10&amp;apos;, os.arch: &amp;apos;amd64&amp;apos;, os.version: &amp;apos;10.0&amp;apos;, java.version: &amp;apos;16.0.2&amp;apos;
Driver info: driver.version: ChromeDriver">
      <![CDATA[org.openqa.selenium.WebDriverException: Timed out waiting for driver server to start.
Build info: version: '3.141.59', revision: 'e82be7d358', time: '2018-11-14T08:17:03'
System info: host: 'DESKTOP-DTBN5AF', ip: '192.168.43.142', os.name: 'Windows 10', os.arch: 'amd64', os.version: '10.0', java.version: '16.0.2'
Driver info: driver.version: ChromeDriver
at org.openqa.selenium.remote.service.DriverService.waitUntilAvailable(DriverService.java:202)
at org.openqa.selenium.remote.service.DriverService.start(DriverService.java:188)
at org.openqa.selenium.remote.service.DriverCommandExecutor.execute(DriverCommandExecutor.java:79)
at org.openqa.selenium.remote.RemoteWebDriver.execute(RemoteWebDriver.java:552)
at org.openqa.selenium.remote.RemoteWebDriver.startSession(RemoteWebDriver.java:213)
at org.openqa.selenium.remote.RemoteWebDriver.<init>(RemoteWebDriver.java:131)
at org.openqa.selenium.chrome.ChromeDriver.<init>(ChromeDriver.java:181)
at org.openqa.selenium.chrome.ChromeDriver.<init>(ChromeDriver.java:168)
at org.openqa.selenium.chrome.ChromeDriver.<init>(ChromeDriver.java:123)
at base.Browser.launchChromeBrowser(Browser.java:14)
at actitimeTest.AllinOneActiTimeTestNG.launchBrowser(AllinOneActiTimeTestNG.java:62)
at java.base/java.util.concurrent.FutureTask.run(FutureTask.java:264)
at java.base/java.util.concurrent.ThreadPoolExecutor.runWorker(ThreadPoolExecutor.java:1130)
at java.base/java.util.concurrent.ThreadPoolExecutor$Worker.run(ThreadPoolExecutor.java:630)
at java.base/java.lang.Thread.run(Thread.java:831)
Caused by: org.openqa.selenium.net.UrlChecker$TimeoutException: Timed out waiting for [http://localhost:34210/status] to be available after 20002 ms
at org.openqa.selenium.net.UrlChecker.waitUntilAvailable(UrlChecker.java:100)
at org.openqa.selenium.remote.service.DriverService.waitUntilAvailable(DriverService.java:197)
... 29 more
Caused by: java.util.concurrent.TimeoutException
at java.base/java.util.concurrent.FutureTask.get(FutureTask.java:204)
at com.google.common.util.concurrent.SimpleTimeLimiter.callWithTimeout(SimpleTimeLimiter.java:156)
at org.openqa.selenium.net.UrlChecker.waitUntilAvailable(UrlChecker.java:75)
... 30 more
... Removed 15 stack frames]]>
    </failure>
  </testcase> <!-- @BeforeTest launchBrowser -->
  <testcase classname="actitimeTest.AllinOneActiTimeTestNG" name="@BeforeClass objectOfPOMClasses" time="-1.644774195082E9">
    <skipped/>
  </testcase> <!-- @BeforeClass objectOfPOMClasses -->
  <testcase classname="actitimeTest.AllinOneActiTimeTestNG" name="@BeforeMethod loginToApplication" time="-1.644774195103E9">
    <skipped/>
  </testcase> <!-- @BeforeMethod loginToApplication -->
  <testcase classname="actitimeTest.AllinOneActiTimeTestNG" name="@AfterMethod logoutFromApplication" time="-1.644774195118E9">
    <skipped/>
  </testcase> <!-- @AfterMethod logoutFromApplication -->
  <testcase classname="actitimeTest.AllinOneActiTimeTestNG" name="@BeforeMethod loginToApplication" time="-1.64477419514E9">
    <skipped/>
  </testcase> <!-- @BeforeMethod loginToApplication -->
  <testcase classname="actitimeTest.AllinOneActiTimeTestNG" name="@AfterMethod logoutFromApplication" time="-1.644774195159E9">
    <skipped/>
  </testcase> <!-- @AfterMethod logoutFromApplication -->
  <testcase classname="actitimeTest.AllinOneActiTimeTestNG" name="@AfterClass closeObjectsOfPOMClassses" time="-1.644774195168E9">
    <skipped/>
  </testcase> <!-- @AfterClass closeObjectsOfPOMClassses -->
  <testcase classname="actitimeTest.AllinOneActiTimeTestNG" name="@AfterTest quitBrowser" time="-1.64477419517E9">
    <skipped/>
  </testcase> <!-- @AfterTest quitBrowser -->
  <testcase classname="actitimeTest.AllinOneActiTimeTestNG" name="createNewTask" time="0.0">
    <skipped/>
  </testcase> <!-- createNewTask -->
  <testcase classname="actitimeTest.AllinOneActiTimeTestNG" name="enterTimeTrackPage" time="0.0">
    <skipped/>
  </testcase> <!-- enterTimeTrackPage -->
  <testcase classname="actitimeTest.AllinOneActiTimeTestNG" name="setDeadlineforOpenTask" time="0.0">
    <ignored/>
  </testcase> <!-- setDeadlineforOpenTask -->
</testsuite> <!-- ChromeTest -->
