<?xml version="1.0" encoding="UTF-8"?>
<!-- Generated by org.testng.reporters.JUnitXMLReporter -->
<testsuite ignored="0" hostname="DESKTOP-DTBN5AF" failures="0" tests="1" name="Default test" time="0.099" errors="0" timestamp="2022-02-11T15:43:28 IST">
  <testcase classname="actitimeTest.CreateNewTaskTestNG" name="@BeforeTest launchBrowser" time="-1.644574408316E9">
    <failure type="org.testng.TestNGException" message="
Parameter &amp;apos;browser&amp;apos; is required by BeforeTest on method launchBrowser but has not been marked @Optional or defined
in C:\Users\sai\AppData\Local\Temp\testng-eclipse--1497295008\testng-customsuite.xml">
      <![CDATA[org.testng.TestNGException: 
Parameter 'browser' is required by BeforeTest on method launchBrowser but has not been marked @Optional or defined
in C:\Users\sai\AppData\Local\Temp\testng-eclipse--1497295008\testng-customsuite.xml
at org.testng.internal.Parameters.createParams(Parameters.java:270)
at org.testng.internal.Parameters.createParametersForMethod(Parameters.java:358)
at org.testng.internal.Parameters.createParameters(Parameters.java:700)
at org.testng.internal.Parameters.createConfigurationParameters(Parameters.java:168)
at org.testng.internal.ConfigInvoker.invokeConfigurations(ConfigInvoker.java:302)
at org.testng.TestRunner.invokeTestConfigurations(TestRunner.java:637)
at org.testng.TestRunner.beforeRun(TestRunner.java:627)
at org.testng.TestRunner.run(TestRunner.java:589)
at org.testng.SuiteRunner.runTest(SuiteRunner.java:377)
at org.testng.SuiteRunner.runSequentially(SuiteRunner.java:371)
at org.testng.SuiteRunner.privateRun(SuiteRunner.java:332)
at org.testng.SuiteRunner.run(SuiteRunner.java:276)
at org.testng.SuiteRunnerWorker.runSuite(SuiteRunnerWorker.java:53)
at org.testng.SuiteRunnerWorker.run(SuiteRunnerWorker.java:96)
at org.testng.TestNG.runSuitesSequentially(TestNG.java:1212)
at org.testng.TestNG.runSuitesLocally(TestNG.java:1134)
at org.testng.TestNG.runSuites(TestNG.java:1063)
at org.testng.TestNG.run(TestNG.java:1031)
at org.testng.remote.AbstractRemoteTestNG.run(AbstractRemoteTestNG.java:115)
at org.testng.remote.RemoteTestNG.initAndRun(RemoteTestNG.java:251)
at org.testng.remote.RemoteTestNG.main(RemoteTestNG.java:77)
]]>
    </failure>
  </testcase> <!-- @BeforeTest launchBrowser -->
  <testcase classname="actitimeTest.CreateNewTaskTestNG" name="@BeforeClass createObjectsOfPOMClass" time="-1.644574408364E9">
    <skipped/>
  </testcase> <!-- @BeforeClass createObjectsOfPOMClass -->
  <testcase classname="actitimeTest.CreateNewTaskTestNG" name="@BeforeMethod loginToApplication" time="-1.644574408384E9">
    <skipped/>
  </testcase> <!-- @BeforeMethod loginToApplication -->
  <testcase classname="actitimeTest.CreateNewTaskTestNG" name="@AfterMethod logoutFromApplication" time="-1.644574408397E9">
    <skipped/>
  </testcase> <!-- @AfterMethod logoutFromApplication -->
  <testcase classname="actitimeTest.CreateNewTaskTestNG" name="@AfterClass clearPOMClassObjects" time="-1.644574408401E9">
    <skipped/>
  </testcase> <!-- @AfterClass clearPOMClassObjects -->
  <testcase classname="actitimeTest.CreateNewTaskTestNG" name="@AfterTest quitBrowser" time="-1.644574408405E9">
    <skipped/>
  </testcase> <!-- @AfterTest quitBrowser -->
  <testcase classname="actitimeTest.CreateNewTaskTestNG" name="createNewTask" time="0.0">
    <skipped/>
  </testcase> <!-- createNewTask -->
</testsuite> <!-- Default test -->
